<?xml version="1.0" encoding="UTF-8"?>
<!-- Generated by org.testng.reporters.JUnitXMLReporter -->
<testsuite ignored="0" hostname="DESKTOP-C7NTSG8" failures="0" tests="3" name="OrangeHRM" time="157.295" errors="0" timestamp="2020-05-11T22:08:10 IST">
  <testcase classname="com.hrms.libs.TC001_Login_Logout" name="login_logout" time="26.25"/>
  <testcase classname="com.hrms.libs.TC002_AddEmployee" name="addEmployee" time="89.149"/>
  <testcase classname="com.hrms.libs.TC003_DeletEmployee" name="deleteEmployee" time="41.814"/>
</testsuite> <!-- OrangeHRM -->
