<?xml version="1.0" encoding="UTF-8"?>
<testsuite xmlns:xsi="http://www.w3.org/2001/XMLSchema-instance" xsi:noNamespaceSchemaLocation="https://maven.apache.org/surefire/maven-surefire-plugin/xsd/surefire-test-report-3.0.xsd" version="3.0" name="TestSuite" time="173.762" tests="3" errors="0" skipped="0" failures="0">
  <properties>
[...]
</properties>
  <testcase name="login_logout" classname="com.hrms.libs.TC001_Login_Logout" time="26.252"/>
  <testcase name="addEmployee" classname="com.hrms.libs.TC002_AddEmployee" time="89.149"/>
  <testcase name="deleteEmployee" classname="com.hrms.libs.TC003_DeletEmployee" time="41.815"/>
</testsuite>