<?xml version="1.0" encoding="UTF-8"?>
<testng-results ignored="0" total="3" passed="3" failed="0" skipped="0">
  <reporter-output>
  </reporter-output>
  <suite started-at="2020-05-11T22:05:33 IST" name="OrangeHRM" finished-at="2020-05-11T22:08:10 IST" duration-ms="157295">
    <groups>
    </groups>
    <test started-at="2020-05-11T22:05:33 IST" name="OrangeHRM" finished-at="2020-05-11T22:08:10 IST" duration-ms="157295">
      <class name="com.hrms.libs.TC003_DeletEmployee">
        <test-method signature="deleteEmployee()[pri:0, instance:com.hrms.libs.TC003_DeletEmployee@1f1c7bf6]" started-at="2020-05-11T22:07:28 IST" name="deleteEmployee" finished-at="2020-05-11T22:08:10 IST" duration-ms="41814" status="PASS">
          <reporter-output>
          </reporter-output>
        </test-method> <!-- deleteEmployee -->
      </class> <!-- com.hrms.libs.TC003_DeletEmployee -->
      <class name="com.hrms.libs.TC001_Login_Logout">
        <test-method signature="login_logout()[pri:0, instance:com.hrms.libs.TC001_Login_Logout@5b0abc94]" started-at="2020-05-11T22:05:33 IST" name="login_logout" finished-at="2020-05-11T22:05:59 IST" duration-ms="26250" status="PASS">
          <reporter-output>
          </reporter-output>
        </test-method> <!-- login_logout -->
      </class> <!-- com.hrms.libs.TC001_Login_Logout -->
      <class name="com.hrms.libs.TC002_AddEmployee">
        <test-method signature="addEmployee()[pri:0, instance:com.hrms.libs.TC002_AddEmployee@75c072cb]" started-at="2020-05-11T22:05:59 IST" name="addEmployee" finished-at="2020-05-11T22:07:28 IST" duration-ms="89149" status="PASS">
          <reporter-output>
          </reporter-output>
        </test-method> <!-- addEmployee -->
      </class> <!-- com.hrms.libs.TC002_AddEmployee -->
    </test> <!-- OrangeHRM -->
  </suite> <!-- OrangeHRM -->
</testng-results>
