<?xml version="1.0" encoding="UTF-8"?>
<testng-results ignored="0" total="1" passed="1" failed="0" skipped="0">
  <reporter-output>
  </reporter-output>
  <suite started-at="2020-05-11T22:04:47 IST" name="Default suite" finished-at="2020-05-11T22:05:11 IST" duration-ms="23193">
    <groups>
    </groups>
    <test started-at="2020-05-11T22:04:47 IST" name="Default test" finished-at="2020-05-11T22:05:11 IST" duration-ms="23193">
      <class name="com.hrms.libs.TC001_Login_Logout">
        <test-method signature="login_logout()[pri:0, instance:com.hrms.libs.TC001_Login_Logout@3c9d0b9d]" started-at="2020-05-11T22:04:47 IST" name="login_logout" finished-at="2020-05-11T22:05:11 IST" duration-ms="23139" status="PASS">
          <reporter-output>
          </reporter-output>
        </test-method> <!-- login_logout -->
      </class> <!-- com.hrms.libs.TC001_Login_Logout -->
    </test> <!-- Default test -->
  </suite> <!-- Default suite -->
</testng-results>
